<?xml version="1.0" encoding="UTF-8"?>
<!-- Generated by org.testng.reporters.JUnitReportReporter -->
<testsuite hostname="msingh-Vostro-3559" failures="0" tests="1" name="com.msc.shopqapom.testcases.TC003_AddBillingAddress" time="16.973" errors="0" timestamp="2020-04-22T13:36:47 IST" skipped="0">
  <testcase classname="com.msc.shopqapom.testcases.TC003_AddBillingAddress" name="addBillingAddress" time="16.973"/>
  <system-out/>
</testsuite> <!-- com.msc.shopqapom.testcases.TC003_AddBillingAddress -->
