<?xml version="1.0" encoding="UTF-8"?>
<!-- Generated by org.testng.reporters.JUnitReportReporter -->
<testsuite hostname="msingh-Vostro-3559" failures="0" tests="1" name="com.msc.shopqapom.testcases.Login" time="5.909" errors="0" timestamp="2020-04-21T18:08:56 IST" skipped="0">
  <testcase classname="com.msc.shopqapom.testcases.Login" name="validLogin" time="5.909"/>
  <system-out/>
</testsuite> <!-- com.msc.shopqapom.testcases.Login -->
